已經開始建置於 2017/10/3/週二 下午 03:53:17。
     1>節點 2 (Build 目標) 上的專案 "C:\C_code\Lab3\Lab3\Lab3\Lab3.vcxproj"。
     1>C:\Program Files (x86)\MSBuild\Microsoft.Cpp\v4.0\V140\Microsoft.CppBuild.targets(367,5): warning MSB8004: Intermediate Directory does not end with a trailing slash.  This build instance will add the slash as it is required to allow proper evaluation of the Intermediate Directory.
     1>C:\Program Files (x86)\MSBuild\Microsoft.Cpp\v4.0\V140\Microsoft.CppBuild.targets(368,5): warning MSB8004: Output Directory does not end with a trailing slash.  This build instance will add the slash as it is required to allow proper evaluation of the Output Directory.
     1>ClCompile:
         C:\Program Files (x86)\Microsoft Visual Studio 14.0\VC\bin\CL.exe /c /IC:\C_code\Lab3\include /ZI /nologo /W3 /WX- /sdl- /Od /Oy- /D _MBCS /Gm /EHsc /RTC1 /MDd /GS /fp:precise /Zc:wchar_t /Zc:forScope /Zc:inline /Fo"..\..\temp\debug\\" /Fd"..\..\temp\debug\vc140.pdb" /Gd /TC /analyze- /errorReport:prompt function1.c function2.c function3.c function4.c function5.c
         function5.c
     1>c:\c_code\lab3\lab3\lab3\function5.c(9): warning C4101: 'temp2': 未參考的區域變數
         function4.c
         function3.c
         function2.c
     1>c:\c_code\lab3\lab3\lab3\function2.c(9): warning C4101: 'temp2': 未參考的區域變數
     1>c:\c_code\lab3\lab3\lab3\function2.c(9): warning C4101: 'temp': 未參考的區域變數
         function1.c
     1>c:\c_code\lab3\lab3\lab3\function1.c(9): warning C4101: 'temp2': 未參考的區域變數
     1>c:\c_code\lab3\lab3\lab3\function1.c(9): warning C4101: 'temp': 未參考的區域變數
         正在產生程式碼...
       Link:
         C:\Program Files (x86)\Microsoft Visual Studio 14.0\VC\bin\link.exe /ERRORREPORT:PROMPT /OUT:"..\..\temp\debug\Lab3.exe" /INCREMENTAL /NOLOGO kernel32.lib user32.lib gdi32.lib winspool.lib comdlg32.lib advapi32.lib shell32.lib ole32.lib oleaut32.lib uuid.lib odbc32.lib odbccp32.lib /MANIFEST /MANIFESTUAC:"level='asInvoker' uiAccess='false'" /manifest:embed /Debug /PDB:"..\..\temp\debug\Lab3.pdb" /TLBID:1 /DYNAMICBASE /NXCOMPAT /IMPLIB:"..\..\temp\debug\Lab3.lib" /MACHINE:X86 ..\..\temp\debug\function1.obj
         ..\..\temp\debug\function2.obj
         ..\..\temp\debug\function3.obj
         ..\..\temp\debug\function4.obj
         ..\..\temp\debug\function5.obj
         ..\..\temp\debug\main.obj
         Lab3.vcxproj -> C:\C_code\Lab3\Lab3\Lab3\..\..\temp\debug\Lab3.exe
     1>專案 "C:\C_code\Lab3\Lab3\Lab3\Lab3.vcxproj" (Build 目標) 建置完成。

建置成功。

經過時間 00:00:00.84
